# JRE version: Java(TM) SE Runtime Environment (8.0_111-b14) (build 1.8.0_111-b14)
# Java VM: Java HotSpot(TM) 64-Bit Server VM (25.111-b14 mixed mode windows-amd64 compressed oops)
Heap:
 PSYoungGen      total 38400K, used 33079K [0x00000000d5c00000, 0x00000000d9000000, 0x0000000100000000)
  eden space 33280K, 84% used [0x00000000d5c00000,0x00000000d7754f50,0x00000000d7c80000)
  from space 5120K, 99% used [0x00000000d7c80000,0x00000000d8178fd8,0x00000000d8180000)
  to   space 5120K, 0% used [0x00000000d8b00000,0x00000000d8b00000,0x00000000d9000000)
 ParOldGen       total 71168K, used 9909K [0x0000000081400000, 0x0000000085980000, 0x00000000d5c00000)
  object space 71168K, 13% used [0x0000000081400000,0x0000000081dad570,0x0000000085980000)
 Metaspace       used 32452K, capacity 34078K, committed 34304K, reserved 1079296K
  class space    used 4768K, capacity 5072K, committed 5120K, reserved 1048576K
GC Heap History (8 events):
Event: 0.976 GC heap before
{Heap before GC invocations=1 (full 0):
 PSYoungGen      total 38400K, used 33280K [0x00000000d5c00000, 0x00000000d8680000, 0x0000000100000000)
  eden space 33280K, 100% used [0x00000000d5c00000,0x00000000d7c80000,0x00000000d7c80000)
  from space 5120K, 0% used [0x00000000d8180000,0x00000000d8180000,0x00000000d8680000)
  to   space 5120K, 0% used [0x00000000d7c80000,0x00000000d7c80000,0x00000000d8180000)
 ParOldGen       total 87552K, used 0K [0x0000000081400000, 0x0000000086980000, 0x00000000d5c00000)
  object space 87552K, 0% used [0x0000000081400000,0x0000000081400000,0x0000000086980000)
 Metaspace       used 15352K, capacity 16024K, committed 16256K, reserved 1062912K
  class space    used 2199K, capacity 2371K, committed 2432K, reserved 1048576K
Event: 0.983 GC heap after
Heap after GC invocations=1 (full 0):
 PSYoungGen      total 38400K, used 4196K [0x00000000d5c00000, 0x00000000d8680000, 0x0000000100000000)
  eden space 33280K, 0% used [0x00000000d5c00000,0x00000000d5c00000,0x00000000d7c80000)
  from space 5120K, 81% used [0x00000000d7c80000,0x00000000d80991f0,0x00000000d8180000)
  to   space 5120K, 0% used [0x00000000d8180000,0x00000000d8180000,0x00000000d8680000)
 ParOldGen       total 87552K, used 80K [0x0000000081400000, 0x0000000086980000, 0x00000000d5c00000)
  object space 87552K, 0% used [0x0000000081400000,0x0000000081414010,0x0000000086980000)
 Metaspace       used 15352K, capacity 16024K, committed 16256K, reserved 1062912K
  class space    used 2199K, capacity 2371K, committed 2432K, reserved 1048576K
}
Event: 3.715 GC heap before
{Heap before GC invocations=2 (full 0):
 PSYoungGen      total 38400K, used 25601K [0x00000000d5c00000, 0x00000000d8680000, 0x0000000100000000)
  eden space 33280K, 64% used [0x00000000d5c00000,0x00000000d70e7430,0x00000000d7c80000)
  from space 5120K, 81% used [0x00000000d7c80000,0x00000000d80991f0,0x00000000d8180000)
  to   space 5120K, 0% used [0x00000000d8180000,0x00000000d8180000,0x00000000d8680000)
 ParOldGen       total 87552K, used 80K [0x0000000081400000, 0x0000000086980000, 0x00000000d5c00000)
  object space 87552K, 0% used [0x0000000081400000,0x0000000081414010,0x0000000086980000)
 Metaspace       used 20080K, capacity 21182K, committed 21248K, reserved 1067008K
  class space    used 2998K, capacity 3262K, committed 3328K, reserved 1048576K
Event: 3.727 GC heap after
Heap after GC invocations=2 (full 0):
 PSYoungGen      total 38400K, used 5092K [0x00000000d5c00000, 0x00000000d8680000, 0x0000000100000000)
  eden space 33280K, 0% used [0x00000000d5c00000,0x00000000d5c00000,0x00000000d7c80000)
  from space 5120K, 99% used [0x00000000d8180000,0x00000000d8679030,0x00000000d8680000)
  to   space 5120K, 0% used [0x00000000d7c80000,0x00000000d7c80000,0x00000000d8180000)
 ParOldGen       total 87552K, used 6256K [0x0000000081400000, 0x0000000086980000, 0x00000000d5c00000)
  object space 87552K, 7% used [0x0000000081400000,0x0000000081a1c040,0x0000000086980000)
 Metaspace       used 20080K, capacity 21182K, committed 21248K, reserved 1067008K
  class space    used 2998K, capacity 3262K, committed 3328K, reserved 1048576K
}
Event: 3.727 GC heap before
{Heap before GC invocations=3 (full 1):
 PSYoungGen      total 38400K, used 5092K [0x00000000d5c00000, 0x00000000d8680000, 0x0000000100000000)
  eden space 33280K, 0% used [0x00000000d5c00000,0x00000000d5c00000,0x00000000d7c80000)
  from space 5120K, 99% used [0x00000000d8180000,0x00000000d8679030,0x00000000d8680000)
  to   space 5120K, 0% used [0x00000000d7c80000,0x00000000d7c80000,0x00000000d8180000)
 ParOldGen       total 87552K, used 6256K [0x0000000081400000, 0x0000000086980000, 0x00000000d5c00000)
  object space 87552K, 7% used [0x0000000081400000,0x0000000081a1c040,0x0000000086980000)
 Metaspace       used 20080K, capacity 21182K, committed 21248K, reserved 1067008K
  class space    used 2998K, capacity 3262K, committed 3328K, reserved 1048576K
Event: 3.763 GC heap after
Heap after GC invocations=3 (full 1):
 PSYoungGen      total 38400K, used 0K [0x00000000d5c00000, 0x00000000d8680000, 0x0000000100000000)
  eden space 33280K, 0% used [0x00000000d5c00000,0x00000000d5c00000,0x00000000d7c80000)
  from space 5120K, 0% used [0x00000000d8180000,0x00000000d8180000,0x00000000d8680000)
  to   space 5120K, 0% used [0x00000000d7c80000,0x00000000d7c80000,0x00000000d8180000)
 ParOldGen       total 71168K, used 9187K [0x0000000081400000, 0x0000000085980000, 0x00000000d5c00000)
  object space 71168K, 12% used [0x0000000081400000,0x0000000081cf8e58,0x0000000085980000)
 Metaspace       used 20077K, capacity 21170K, committed 21248K, reserved 1067008K
  class space    used 2997K, capacity 3260K, committed 3328K, reserved 1048576K
}
Event: 18.037 GC heap before
{Heap before GC invocations=4 (full 1):
 PSYoungGen      total 38400K, used 33280K [0x00000000d5c00000, 0x00000000d8680000, 0x0000000100000000)
  eden space 33280K, 100% used [0x00000000d5c00000,0x00000000d7c80000,0x00000000d7c80000)
  from space 5120K, 0% used [0x00000000d8180000,0x00000000d8180000,0x00000000d8680000)
  to   space 5120K, 0% used [0x00000000d7c80000,0x00000000d7c80000,0x00000000d8180000)
 ParOldGen       total 71168K, used 9187K [0x0000000081400000, 0x0000000085980000, 0x00000000d5c00000)
  object space 71168K, 12% used [0x0000000081400000,0x0000000081cf8e58,0x0000000085980000)
 Metaspace       used 30696K, capacity 32320K, committed 32640K, reserved 1077248K
  class space    used 4551K, capacity 4867K, committed 4992K, reserved 1048576K
Event: 18.044 GC heap after
Heap after GC invocations=4 (full 1):
 PSYoungGen      total 38400K, used 5091K [0x00000000d5c00000, 0x00000000d9000000, 0x0000000100000000)
  eden space 33280K, 0% used [0x00000000d5c00000,0x00000000d5c00000,0x00000000d7c80000)
  from space 5120K, 99% used [0x00000000d7c80000,0x00000000d8178fd8,0x00000000d8180000)
  to   space 5120K, 0% used [0x00000000d8b00000,0x00000000d8b00000,0x00000000d9000000)
 ParOldGen       total 71168K, used 9909K [0x0000000081400000, 0x0000000085980000, 0x00000000d5c00000)
  object space 71168K, 13% used [0x0000000081400000,0x0000000081dad570,0x0000000085980000)
 Metaspace       used 30696K, capacity 32320K, committed 32640K, reserved 1077248K
  class space    used 4551K, capacity 4867K, committed 4992K, reserved 1048576K
}

